<?xml version="1.0" encoding="UTF-8"?>
<!-- Generated by org.testng.reporters.JUnitXMLReporter -->
<testsuite ignored="1" hostname="LAPTOP-LJH90VLQ" failures="0" tests="4" name="Default test" time="0.11" errors="0" timestamp="2023-02-17T05:24:07 CST">
  <testcase classname="test.Demo3" name="MobilecheckoutCarLoan" time="0.01"/>
  <testcase classname="test.Demo3" name="MobileloginCarLoan" time="0.003"/>
  <testcase classname="test.Demo3" name="MobilesigninarLoan" time="0.0">
    <skipped/>
  </testcase> <!-- MobilesigninarLoan -->
  <testcase classname="test.Demo3" name="MobilesignoutCarLoan" time="0.003"/>
  <testcase classname="test.Demo3" name="APILoginCarLoan" time="0.0">
    <ignored/>
  </testcase> <!-- APILoginCarLoan -->
</testsuite> <!-- Default test -->
