<?xml version="1.0" encoding="UTF-8"?>
<!-- Generated by org.testng.reporters.JUnitXMLReporter -->
<testsuite ignored="2" hostname="LAPTOP-LJH90VLQ" failures="0" tests="6" name="Car Loan" time="0.121" errors="0" timestamp="2023-02-17T08:57:00 CST">
  <testcase classname="test.Demo3" name="MobilecheckoutCarLoan" time="0.013"/>
  <testcase classname="test.Demo3" name="MobileloginCarLoan" time="0.003"/>
  <testcase classname="test.Demo3" name="MobilesigninarLoan" time="0.01"/>
  <testcase classname="test.Demo3" name="MobilesigninarLoan" time="0.001"/>
  <testcase classname="test.Demo3" name="MobilesigninarLoan" time="0.002"/>
  <testcase classname="test.Demo3" name="MobilesignoutCarLoan" time="0.002"/>
  <testcase classname="test.Demo3" name="WebLoginCarLoan" time="0.0">
    <ignored/>
  </testcase> <!-- WebLoginCarLoan -->
  <testcase classname="test.Demo3" name="APILoginCarLoan" time="0.0">
    <ignored/>
  </testcase> <!-- APILoginCarLoan -->
</testsuite> <!-- Car Loan -->
