<?xml version="1.0" encoding="UTF-8"?>
<!-- Generated by org.testng.reporters.JUnitXMLReporter -->
<testsuite ignored="0" hostname="LAPTOP-LJH90VLQ" failures="0" tests="3" name="Home Loan" time="0.102" errors="0" timestamp="2023-02-17T08:57:00 CST">
  <testcase classname="test.Demo4" name="MobileoginHomeLoan" time="0.018"/>
  <testcase classname="test.Demo4" name="WebLoginHomeLoan" time="0.004"/>
  <testcase classname="test.Demo4" name="APILoginHomeLoan" time="0.003"/>
</testsuite> <!-- Home Loan -->
