<?xml version="1.0" encoding="UTF-8"?>
<!-- Generated by org.testng.reporters.JUnitXMLReporter -->
<testsuite ignored="8" hostname="LAPTOP-LJH90VLQ" failures="0" tests="4" name="Regression" time="0.104" errors="0" timestamp="2023-02-16T12:38:45 CST">
  <testcase classname="test.Demo1" name="test1" time="0.019"/>
  <testcase classname="test.Demo2" name="testDemo" time="0.003"/>
  <testcase classname="test.Demo3" name="MobilesignoutCarLoan" time="0.003"/>
  <testcase classname="test.Demo4" name="MobileoginHomeLoan" time="0.003"/>
  <testcase classname="test.Demo3" name="MobilecheckoutCarLoan" time="0.0">
    <ignored/>
  </testcase> <!-- MobilecheckoutCarLoan -->
  <testcase classname="test.Demo4" name="WebLoginHomeLoan" time="0.0">
    <ignored/>
  </testcase> <!-- WebLoginHomeLoan -->
  <testcase classname="test.Demo3" name="MobilesigninarLoan" time="0.0">
    <ignored/>
  </testcase> <!-- MobilesigninarLoan -->
  <testcase classname="test.Demo3" name="WebLoginCarLoan" time="0.0">
    <ignored/>
  </testcase> <!-- WebLoginCarLoan -->
  <testcase classname="test.Demo3" name="APILoginCarLoan" time="0.0">
    <ignored/>
  </testcase> <!-- APILoginCarLoan -->
  <testcase classname="test.Demo3" name="MobileloginCarLoan" time="0.0">
    <ignored/>
  </testcase> <!-- MobileloginCarLoan -->
  <testcase classname="test.Demo4" name="APILoginHomeLoan" time="0.0">
    <ignored/>
  </testcase> <!-- APILoginHomeLoan -->
  <testcase classname="test.Demo1" name="test2" time="0.0">
    <ignored/>
  </testcase> <!-- test2 -->
</testsuite> <!-- Regression -->
